app/build/intermediates/manifest_merge_blame_file/debug/manifest-merger-blame-debug-report.txt
1<?xml version="1.0" encoding="utf-8"?>
2<manifest xmlns:android="http://schemas.android.com/apk/res/android"
3    package="com.example.exoplayer"
4    android:versionCode="1"
5    android:versionName="1.0" >
6
7    <uses-sdk
8        android:minSdkVersion="21"
8-->src\main\AndroidManifest.xml
9        android:targetSdkVersion="33" />
9-->src\main\AndroidManifest.xml
10
11    <uses-permission android:name="android.permission.INTERNET" />
11-->src\main\AndroidManifest.xml:6:5-66
11-->src\main\AndroidManifest.xml:6:22-64
12    <uses-permission android:name="android.permission.ACCESS_NETWORK_STATE" />
12-->src\main\AndroidManifest.xml:7:5-78
12-->src\main\AndroidManifest.xml:7:22-76
13    <uses-permission android:name="android.permission.READ_EXTERNAL_STORAGE" />
13-->src\main\AndroidManifest.xml:8:5-79
13-->src\main\AndroidManifest.xml:8:22-77
14    <uses-permission android:name="android.permission.RECEIVE_BOOT_COMPLETED" />
14-->src\main\AndroidManifest.xml:9:5-80
14-->src\main\AndroidManifest.xml:9:22-78
15    <uses-permission android:name="android.permission.FOREGROUND_SERVICE" />
15-->src\main\AndroidManifest.xml:10:5-76
15-->src\main\AndroidManifest.xml:10:22-74
16
17    <application
17-->src\main\AndroidManifest.xml:12:5-33:19
18        android:name="com.example.exoplayer.ExoplayerApplication"
18-->src\main\AndroidManifest.xml:13:9-45
19        android:allowBackup="true"
19-->src\main\AndroidManifest.xml:15:9-35
20        android:appComponentFactory="androidx.core.app.CoreComponentFactory"
20-->[androidx.core:core:1.8.0] AndroidManifest.xml:24:18-86
21        android:debuggable="true"
22        android:icon="@mipmap/ic_launcher"
22-->src\main\AndroidManifest.xml:16:9-43
23        android:label="@string/app_name"
23-->src\main\AndroidManifest.xml:17:9-41
24        android:roundIcon="@mipmap/ic_launcher_round"
24-->src\main\AndroidManifest.xml:18:9-54
25        android:supportsRtl="true"
25-->src\main\AndroidManifest.xml:19:9-35
26        android:testOnly="true"
27        android:theme="@style/AppTheme"
27-->src\main\AndroidManifest.xml:20:9-40
28        android:usesCleartextTraffic="true" >
28-->src\main\AndroidManifest.xml:21:9-44
29        <activity
29-->src\main\AndroidManifest.xml:22:9-32:20
30            android:name="com.example.exoplayer.PlayerActivity"
30-->src\main\AndroidManifest.xml:23:13-43
31            android:exported="true"
31-->src\main\AndroidManifest.xml:24:13-36
32            android:label="@string/app_name"
32-->src\main\AndroidManifest.xml:25:13-45
33            android:theme="@style/AppTheme.NoActionBar" >
33-->src\main\AndroidManifest.xml:26:13-56
34            <intent-filter>
34-->src\main\AndroidManifest.xml:27:13-31:29
35                <action android:name="android.intent.action.MAIN" />
35-->src\main\AndroidManifest.xml:28:17-69
35-->src\main\AndroidManifest.xml:28:25-66
36
37                <category android:name="android.intent.category.LAUNCHER" />
37-->src\main\AndroidManifest.xml:30:17-77
37-->src\main\AndroidManifest.xml:30:27-74
38            </intent-filter>
39        </activity>
40    </application>
41
42</manifest>